[18/09/2017 14:36] /addskill Admin,level,239
[18/09/2017 14:37] /reload xml
[18/09/2017 14:37] /reload all
[18/09/2017 14:37] /reload XML
[18/09/2017 14:38] /m charmander
[18/09/2017 14:38] /m charmander
[18/09/2017 14:43] /m charmander
[18/09/2017 14:43] /m charmander
[18/09/2017 14:44] /reload monsters
[18/09/2017 14:49] /m appe
[18/09/2017 14:49] /m ape
[18/09/2017 14:49] /m cat
[18/09/2017 14:49] /m cat
[18/09/2017 14:49] /m cat
[18/09/2017 14:50] /m dog
[18/09/2017 14:50] /m elemental
[18/09/2017 14:50] /m fire elemental
[18/09/2017 14:50] /m summon charmander
[18/09/2017 14:52] /reload monster
[18/09/2017 14:52] /m charmander
[18/09/2017 14:52] /m charmander
[18/09/2017 16:54] /m troll
[18/09/2017 16:56] /m charmander
[18/09/2017 16:57] /reload actions
[18/09/2017 20:28] /reload ta
[18/09/2017 20:28] /reload talkactions
[18/09/2017 20:29] /reload talkactions
[18/09/2017 20:30] /reload talkactions
[18/09/2017 20:35] /m charmander
[18/09/2017 20:51] /reload talkactions
[18/09/2017 20:51] /reload talkactions
[18/09/2017 20:51] /reload talkactions
[18/09/2017 21:03] /m charmander
[18/09/2017 21:04] /reload actions
[18/09/2017 21:04] /reload actions
[18/09/2017 21:05] /reload actions
[18/09/2017 21:06] /reload actions
[18/09/2017 21:06] /reload actions
[18/09/2017 21:07] /reload actions
[18/09/2017 21:07] /m charmander
[18/09/2017 21:08] /m charmander
[18/09/2017 21:09] /reload actions
[18/09/2017 21:11] /reload actions
[18/09/2017 21:11] /m charmander
[18/09/2017 21:11] /m charmander
[18/09/2017 23:36] /reload creaturescripts
[18/09/2017 23:37] /reload creaturescripts
[18/09/2017 23:51] /reload creaturescript
[18/09/2017 23:52] /reload creaturescript
[18/09/2017 23:53] /reload creaturescript
[18/09/2017 23:53] /reload creaturescript
[18/09/2017 23:55] /reload creaturescript
[18/09/2017 23:57] /reload creaturescript
[18/09/2017 23:58] /reload creaturescript
[18/09/2017 23:58] /reload creaturescript
[18/09/2017 23:58] /reload creaturescript
[19/09/2017 00:00] /reload creaturescript
[19/09/2017 00:00] /reload creaturescript
[19/09/2017 00:01] /reload creaturescript
[19/09/2017 00:02] /reload creaturescript
[19/09/2017 00:09] /reload creaturescript
[19/09/2017 00:09] /reload creaturescripts
[19/09/2017 00:10] /reload creaturescripts
[19/09/2017 00:10] /reload creaturescripts
[19/09/2017 00:11] /reload creaturescripts
[19/09/2017 00:11] /reload creaturescripts
[19/09/2017 00:17] /m charmander
[19/09/2017 00:18] /m charmander
[19/09/2017 14:20] /reload creaturescripts
[19/09/2017 14:20] /reload creaturescripts
[19/09/2017 14:21] /reload creaturescripts
[19/09/2017 14:23] /reload creaturescripts
[19/09/2017 14:29] /reload creaturescripts
[19/09/2017 14:30] /reload creaturescripts
[19/09/2017 14:30] /reload creaturescripts
[19/09/2017 14:31] /reload creaturescripts
[19/09/2017 14:31] /m charmander
[19/09/2017 14:32] /reload creaturescript
[19/09/2017 14:34] /reload creaturescript
